
ROM used:   9712/65536 (15%)
            9712/65536 (15%) including unused fragments

            2.4 Average locations per line
            8.0 Average locations per statement

RAM used:   117/3896 (3%) at main() level
            142/3896 (4%) worst case

Stack used: 10 worst case (8 in main + 2 for interrupts)
Stack size: 31

Lines Stmts  %   Files
----- ----- ---  -----
 1842   981  81  main.c
   11     0   0  main.h
 1053     0   0  ..\..\..\..\..\Program Files (x86)\PICC\Devices\18F46K22.h
  435   129  11  ..\..\..\..\..\Program Files (x86)\PICC\Drivers\string.h
   32     0   0  ..\..\..\..\..\Program Files (x86)\PICC\Drivers\stddef.h
   28     0   0  ..\..\..\..\..\Program Files (x86)\PICC\Drivers\ctype.h
  298    79   7  flex_lcd420.c
  330    25   2  ..\..\..\..\..\Program Files (x86)\PICC\Drivers\internal_eeprom.c
----- -----
 4029  1214 Total

Page ROM  %  RAM    Vol Diff  Functions:
---- --- --- ---    --- ----  ----------
0     40   0    1             @delay_ms1
0     32   0    1             @delay_us1
0     82   0    0             @GET_TICKS_1
0     20   0    0             @const868
0     70   0    1    328  2.7  lcd_send_nibble
0     64   0    1    389  2.3  lcd_read_nibble
0     36   0    3    165  3.3  lcd_read_byte
0     66   0    3    319  4.1  lcd_send_byte
0     82   0    2    411  4.5  lcd_init
0     64   0    4    386  6.5  lcd_gotoxy
0     72   0    1    310  4.8  lcd_putc
0     40   0    3    120  3.4  delay_func
0     18   0    0     67  1.2  stop
0    102   1    0    420  4.1  check_right_proxy
0      2   0    0             @const976
0     32   0    2             @PSTRINGC_890
0     88   0    0    380  4.1  check_left_proxy
0    248   1    2    960  7.2  distance_measure
0     66   0    5             @DIV1616
0     40   0    3             @DIV88
0    178   1    6             @PRINTF_D_9600_31766_31767
0      2   0    0             @const995
0      2   0    0             @const996
0      4   0    0             @const997
0     12   0    0     63  1.6  normal
0     10   0    0     63  1.6  reverse
0    112   1    3    624  6.4  acc_start_normal_man
0    114   1    3    641  6.9  acc_start_reverse_man
0    140   1    3    704  7.8  acc_start_normal_auto
0    144   1    5    733  7.8  acc_start_reverse_auto
0    126   1    0    886  3.9  read_serial_speed
0     54   0    2             @ITOF
0     36   0    0    221  3.2  read_serial_mode
0    126   1    0    886  3.9  read_serial_acc
0    564   3    4   2536  8.4  centerline
0     10   0    0             @const1019
0      2   0    0             @const1020
0     12   0    0             @const1021
0     32   0    3             @PSTRINGCN_890
0    186   1    9             @PRINTF_LU_890
0    452   2    6   2829  8.6  gogo
0    252   1    1    827  4.3  seri_check
0     50   0    2    179  3.6  serial_comm
0     40   0    0    194  4.5  @const1047
0     50   0    2    194  4.5  lcd_load_custom_chars
0    420   2    0   2765  4.4  Timer1_isr
0    526   3    0    914  2.4  LOWVOLT_isr
0   4166  21   12  17600 13.0  MAIN
0     12   0    0             @const1056
0    170   1    6             @PRINTF_D_890
0     16   0    0             @const1063
0     12   0    0             @const1064
0    102   1    2             @PRINTF_U_890
0     10   0    0             @const1069
0     10   0    0             @const1070
0     12   0    0             @const1071
0      2   0    0             @const1075
0      6   0    0             @const1077
0      2   0    0             @const1078
0      2   0    0             @const1081
0      4   0    0             @const1084
0     34   0    2             @PSTRINGC_9600_31766_31767
0      2   0    0             @const1086
0      6   0    0             @const1088
0      2   0    0             @const1089
0      2   0    0             @const1092
0      4   0    0             @const1095
0      2   0    0             @const1096
0      2   0    0             @const1098
0      2   0    0             @const1100
0      2   0    0             @const1102
0     10   0    0             @const1112
 Inline         0             @cinit1

Program metrics:
    Functions               30
    Statements              1214
    Comments                722
    Volume (V)              55504
    Difficulty (D)          146.2
    Effort to implement (E) 8116592
    Time to implement (T)   125 hours, 15 minutes
    Est Delivered Bugs (B)  13
    Cyclomatic Complexity   156
    Maintainability (MI)    119

 Segment     Used  Free
-----------  ----  ----
00000-00002     4  0  
00004-00006     0  4  
00008-000C8   194  0  
000CA-0FFFE  9514  55820  



