
ROM used:   7796/65536 (12%)
            7796/65536 (12%) including unused fragments

            2.1 Average locations per line
            7.5 Average locations per statement

RAM used:   98/3896 (3%) at main() level
            119/3896 (3%) worst case

Stack used: 10 worst case (8 in main + 2 for interrupts)
Stack size: 31

Lines Stmts  %   Files
----- ----- ---  -----
 1579   802  77  main.c
   10     0   0  main.h
 1053     0   0  ..\..\..\..\..\Program Files (x86)\PICC\Devices\18F46K22.h
  435   129  12  ..\..\..\..\..\Program Files (x86)\PICC\Drivers\string.h
   32     0   0  ..\..\..\..\..\Program Files (x86)\PICC\Drivers\stddef.h
   28     0   0  ..\..\..\..\..\Program Files (x86)\PICC\Drivers\ctype.h
  298    79   8  flex_lcd420.c
  330    25   2  ..\..\..\..\..\Program Files (x86)\PICC\Drivers\internal_eeprom.c
----- -----
 3765  1035 Total

Page ROM  %  RAM    Vol Diff  Functions:
---- --- --- ---    --- ----  ----------
0     40   0    1             @delay_ms1
0     32   0    1             @delay_us1
0     82   1    0             @GET_TICKS_1
0     20   0    0             @const868
0     70   0    1    328  2.7  lcd_send_nibble
0     64   0    1    389  2.3  lcd_read_nibble
0     36   0    3    165  3.3  lcd_read_byte
0     66   0    3    319  4.1  lcd_send_byte
0     82   1    2    411  4.5  lcd_init
0     64   0    4    386  6.5  lcd_gotoxy
0     72   0    1    310  4.8  lcd_putc
0     70   0    2    194  3.8  serial_comm
0     10   0    0             @const966
0     34   0    3             @PSTRINGCN_9600_31766_31767
0     40   0    2             @PSTRINGR_9600_31766_31767
0     40   0    3    120  3.4  delay_func
0     18   0    0     67  1.2  stop
0     86   1    0    367  4.1  check_right_proxy
0      2   0    0             @const978
0     32   0    2             @PSTRINGC_890
0     70   0    0    290  3.7  check_left_proxy
0    232   1    2    816  8.1  distance_measure
0     66   0    5             @DIV1616
0      2   0    0             @const985
0      2   0    0             @const986
0      4   0    0             @const987
0     12   0    0     63  1.6  normal
0     10   0    0     63  1.6  reverse
0    114   1    3    598  7.3  acc_start_normal_man
0    114   1    3    598  7.3  acc_start_reverse_man
0    104   1    3    527  6.8  acc_start_normal_auto
0    106   1    5    555  6.8  acc_start_reverse_auto
0    436   3    3   1999  7.3  centerline
0     20   0    0             @const1007
0      2   0    0             @const1008
0     12   0    0             @const1009
0     32   0    3             @PSTRINGCN_890
0    186   1    9             @PRINTF_LU_890
0     40   0    0             @const1022
0     50   0    2    194  4.5  lcd_load_custom_chars
0    420   3    0   2773  4.4  Timer1_isr
0    526   3    0    914  2.4  LOWVOLT_isr
0   3644  23   11  14577 11.0  MAIN
0     12   0    0             @const1031
0     40   0    3             @DIV88
0    170   1    6             @PRINTF_D_890
0     16   0    0             @const1041
0     10   0    0             @const1042
0    102   1    2             @PRINTF_U_890
0     10   0    0             @const1047
0     10   0    0             @const1048
0     10   0    0             @const1049
0     16   0    0             @const1051
0      2   0    0             @const1054
0      6   0    0             @const1056
0      2   0    0             @const1057
0      2   0    0             @const1059
0      2   0    0             @const1061
0      6   0    0             @const1063
0      2   0    0             @const1064
0      2   0    0             @const1066
0      2   0    0             @const1068
0      2   0    0             @const1070
0      2   0    0             @const1072
0      2   0    0             @const1074
0     10   0    0             @const1076
 Inline         0             @cinit1

Program metrics:
    Functions               24
    Statements              1035
    Comments                793
    Volume (V)              39025
    Difficulty (D)          114.4
    Effort to implement (E) 4462885
    Time to implement (T)   68 hours, 52 minutes
    Est Delivered Bugs (B)  9
    Cyclomatic Complexity   99
    Maintainability (MI)    95

 Segment     Used  Free
-----------  ----  ----
00000-00002     4  0  
00004-00006     0  4  
00008-000C4   190  0  
000C6-0FFFE  7602  57736  



