
ROM used:   7958/32768 (24%)
            7958/32768 (24%) including unused fragments

            2.2 Average locations per line
            7.5 Average locations per statement

RAM used:   103/1536 (7%) at main() level
            122/1536 (8%) worst case

Stack used: 9 worst case (7 in main + 2 for interrupts)
Stack size: 31

Lines Stmts  %   Files
----- ----- ---  -----
 1616   835  78  main.c
   10     0   0  main.h
  867     0   0  ..\..\..\..\..\Program Files (x86)\PICC\Devices\18F4520.h
  435   129  12  ..\..\..\..\..\Program Files (x86)\PICC\Drivers\string.h
   32     0   0  ..\..\..\..\..\Program Files (x86)\PICC\Drivers\stddef.h
   28     0   0  ..\..\..\..\..\Program Files (x86)\PICC\Drivers\ctype.h
  298    79   7  flex_lcd420.c
  330    25   2  ..\..\..\..\..\Program Files (x86)\PICC\Drivers\internal_eeprom.c
----- -----
 3616  1068 Total

Page ROM  %  RAM    Vol Diff  Functions:
---- --- --- ---    --- ----  ----------
0     38   0    1             @delay_ms1
0     62   0    0             @GET_TICKS_1
0     20   0    0             @const801
0     68   0    1    328  2.7  lcd_send_nibble
0     60   0    1    389  2.3  lcd_read_nibble
0     36   0    3    165  3.3  lcd_read_byte
0     66   0    3    319  4.1  lcd_send_byte
0     82   1    2    411  4.5  lcd_init
0     64   0    4    386  6.5  lcd_gotoxy
0     72   0    1    310  4.8  lcd_putc
0     70   0    2    194  3.8  serial_comm
0     10   0    0             @const899
0     34   0    3             @PSTRINGCN_9600_31766_31767
0     40   0    2             @PSTRINGR_9600_31766_31767
0    106   1    2    284  3.7  delay_func
0     18   0    0     67  1.2  stop
0     86   1    0    367  4.1  check_right_proxy
0      2   0    0             @const911
0     32   0    2             @PSTRINGC_823
0     70   0    0    290  3.7  check_left_proxy
0    232   1    2    816  8.1  distance_measure
0     66   0    5             @DIV1616
0      2   0    0             @const918
0      2   0    0             @const919
0      4   0    0             @const920
0     12   0    0     63  1.6  normal
0     10   0    0     63  1.6  reverse
0    114   1    3    598  7.3  acc_start_normal_man
0    114   1    3    598  7.3  acc_start_reverse_man
0    106   1    3    527  6.8  acc_start_normal_auto
0    106   1    5    555  6.8  acc_start_reverse_auto
0    566   4   10   2131  7.3  centerline
0     20   0    0             @const940
0      2   0    0             @const941
0     12   0    0             @const942
0     32   0    3             @PSTRINGCN_823
0    186   1    9             @PRINTF_LU_823
0     40   0    0             @const955
0     50   0    2    194  4.5  lcd_load_custom_chars
0    420   3    0   2773  4.4  Timer1_isr
0    504   3    0    914  2.4  LOWVOLT_isr
0   3690  23   16  15962 11.6  MAIN
0     12   0    0             @const964
0     40   0    3             @DIV88
0    170   1    6             @PRINTF_D_823
0     16   0    0             @const974
0     10   0    0             @const975
0    102   1    2             @PRINTF_U_823
0     10   0    0             @const980
0     10   0    0             @const981
0     10   0    0             @const982
0     16   0    0             @const984
0      2   0    0             @const987
0      6   0    0             @const989
0      2   0    0             @const990
0      2   0    0             @const992
0      2   0    0             @const994
0      6   0    0             @const996
0      2   0    0             @const997
0      2   0    0             @const999
0      2   0    0             @const1001
0      2   0    0             @const1003
0      2   0    0             @const1005
0      2   0    0             @const1007
0     10   0    0             @const1011
 Inline         0             @cinit1

Program metrics:
    Functions               24
    Statements              1068
    Comments                765
    Volume (V)              41103
    Difficulty (D)          115.4
    Effort to implement (E) 4745163
    Time to implement (T)   73 hours, 14 minutes
    Est Delivered Bugs (B)  9
    Cyclomatic Complexity   105
    Maintainability (MI)    101

 Segment     Used  Free
-----------  ----  ----
00000-00002     4  0  
00004-00006     0  4  
00008-000C4   190  0  
000C6-07FFE  7764  24806  



