Compiling C:\Users\furka\Desktop\Unity\lcd_stepper_control\main on 01-Eyl-22 at 08:41
--- Info 300 "C:\Users\furka\Desktop\Unity\lcd_stepper_control\main.h" Line 7(1,1): More info:   Timer 0 tick time is 102,40 us
*** Error 1 "C:\Users\furka\Desktop\Unity\lcd_stepper_control\main.c" Line 102(1,2): Illegal C character in input file  0x80
*** Error 1 "C:\Users\furka\Desktop\Unity\lcd_stepper_control\main.c" Line 102(1,2): Illegal C character in input file  0x00
*** Error 1 "C:\Users\furka\Desktop\Unity\lcd_stepper_control\main.c" Line 102(1,2): Illegal C character in input file  0x9C
*** Error 1 "C:\Users\furka\Desktop\Unity\lcd_stepper_control\main.c" Line 102(1,2): Illegal C character in input file  0x07
*** Error 1 "C:\Users\furka\Desktop\Unity\lcd_stepper_control\main.c" Line 102(1,2): Illegal C character in input file  0x00
*** Error 1 "C:\Users\furka\Desktop\Unity\lcd_stepper_control\main.c" Line 102(1,2): Illegal C character in input file  0x00
*** Error 1 "C:\Users\furka\Desktop\Unity\lcd_stepper_control\main.c" Line 102(1,2): Illegal C character in input file  0xFF
*** Error 1 "C:\Users\furka\Desktop\Unity\lcd_stepper_control\main.c" Line 102(1,2): Illegal C character in input file  0xFF
*** Error 1 "C:\Users\furka\Desktop\Unity\lcd_stepper_control\main.c" Line 102(1,2): Illegal C character in input file  0xFF
*** Error 1 "C:\Users\furka\Desktop\Unity\lcd_stepper_control\main.c" Line 102(1,2): Illegal C character in input file  0x00
*** Error 1 "C:\Users\furka\Desktop\Unity\lcd_stepper_control\main.c" Line 102(1,2): Illegal C character in input file  0x06
*** Error 1 "C:\Users\furka\Desktop\Unity\lcd_stepper_control\main.c" Line 102(1,2): Illegal C character in input file  0x00
*** Error 1 "C:\Users\furka\Desktop\Unity\lcd_stepper_control\main.c" Line 102(1,2): Illegal C character in input file  0x00
*** Error 1 "C:\Users\furka\Desktop\Unity\lcd_stepper_control\main.c" Line 102(1,2): Illegal C character in input file  0x00
*** Error 1 "C:\Users\furka\Desktop\Unity\lcd_stepper_control\main.c" Line 102(1,2): Illegal C character in input file  0x00
*** Error 1 "C:\Users\furka\Desktop\Unity\lcd_stepper_control\main.c" Line 102(1,2): Illegal C character in input file  0x00
*** Error 1 "C:\Users\furka\Desktop\Unity\lcd_stepper_control\main.c" Line 102(1,2): Illegal C character in input file  0x00
*** Error 1 "C:\Users\furka\Desktop\Unity\lcd_stepper_control\main.c" Line 102(1,2): Illegal C character in input file  0x00
*** Error 1 "C:\Users\furka\Desktop\Unity\lcd_stepper_control\main.c" Line 102(1,2): Illegal C character in input file  0x87
*** Error 12 "C:\Users\furka\Desktop\Unity\lcd_stepper_control\main.c" Line 102(127,128): Undefined identifier   d
*** Error 1 "C:\Users\furka\Desktop\Unity\lcd_stepper_control\main.c" Line 102(8,9): Illegal C character in input file  0x9B
*** Error 1 "C:\Users\furka\Desktop\Unity\lcd_stepper_control\main.c" Line 102(8,9): Illegal C character in input file  0x19
*** Error 1 "C:\Users\furka\Desktop\Unity\lcd_stepper_control\main.c" Line 102(8,9): Illegal C character in input file  0xE7
*** Error 1 "C:\Users\furka\Desktop\Unity\lcd_stepper_control\main.c" Line 102(11,12): Illegal C character in input file  0xFB
*** Error 1 "C:\Users\furka\Desktop\Unity\lcd_stepper_control\main.c" Line 102(11,12): Illegal C character in input file  0x95
*** Error 1 "C:\Users\furka\Desktop\Unity\lcd_stepper_control\main.c" Line 102(11,12): Illegal C character in input file  0xAB
*** Error 1 "C:\Users\furka\Desktop\Unity\lcd_stepper_control\main.c" Line 102(11,12): Illegal C character in input file  0xE0
*** Error 1 "C:\Users\furka\Desktop\Unity\lcd_stepper_control\main.c" Line 102(11,12): Illegal C character in input file  0xE5
*** Error 1 "C:\Users\furka\Desktop\Unity\lcd_stepper_control\main.c" Line 102(11,12): Illegal C character in input file  0x40
*** Error 1 "C:\Users\furka\Desktop\Unity\lcd_stepper_control\main.c" Line 102(11,12): Illegal C character in input file  0xF0
*** Error 1 "C:\Users\furka\Desktop\Unity\lcd_stepper_control\main.c" Line 102(11,12): Illegal C character in input file  0x07
*** Error 1 "C:\Users\furka\Desktop\Unity\lcd_stepper_control\main.c" Line 102(11,12): Illegal C character in input file  0x00
*** Error 1 "C:\Users\furka\Desktop\Unity\lcd_stepper_control\main.c" Line 102(11,12): Illegal C character in input file  0x00
*** Error 1 "C:\Users\furka\Desktop\Unity\lcd_stepper_control\main.c" Line 102(11,12): Illegal C character in input file  0xB0
*** Error 1 "C:\Users\furka\Desktop\Unity\lcd_stepper_control\main.c" Line 102(11,12): Illegal C character in input file  0xD7
*** Error 1 "C:\Users\furka\Desktop\Unity\lcd_stepper_control\main.c" Line 102(11,12): Illegal C character in input file  0x01
*** Error 1 "C:\Users\furka\Desktop\Unity\lcd_stepper_control\main.c" Line 102(11,12): Illegal C character in input file  0x00
*** Error 1 "C:\Users\furka\Desktop\Unity\lcd_stepper_control\main.c" Line 102(11,12): Illegal C character in input file  0x80
*** Error 1 "C:\Users\furka\Desktop\Unity\lcd_stepper_control\main.c" Line 102(11,12): Illegal C character in input file  0x00
*** Error 1 "C:\Users\furka\Desktop\Unity\lcd_stepper_control\main.c" Line 102(11,12): Illegal C character in input file  0x00
*** Error 1 "C:\Users\furka\Desktop\Unity\lcd_stepper_control\main.c" Line 102(11,12): Illegal C character in input file  0x00
*** Error 1 "C:\Users\furka\Desktop\Unity\lcd_stepper_control\main.c" Line 102(11,12): Illegal C character in input file  0x00
*** Error 1 "C:\Users\furka\Desktop\Unity\lcd_stepper_control\main.c" Line 102(11,12): Illegal C character in input file  0x00
*** Error 1 "C:\Users\furka\Desktop\Unity\lcd_stepper_control\main.c" Line 102(11,12): Illegal C character in input file  0x00
*** Error 1 "C:\Users\furka\Desktop\Unity\lcd_stepper_control\main.c" Line 102(11,12): Illegal C character in input file  0x00
*** Error 1 "C:\Users\furka\Desktop\Unity\lcd_stepper_control\main.c" Line 102(11,12): Illegal C character in input file  0x00
*** Error 1 "C:\Users\furka\Desktop\Unity\lcd_stepper_control\main.c" Line 102(11,12): Illegal C character in input file  0x00
*** Error 1 "C:\Users\furka\Desktop\Unity\lcd_stepper_control\main.c" Line 102(11,12): Illegal C character in input file  0x00
*** Error 1 "C:\Users\furka\Desktop\Unity\lcd_stepper_control\main.c" Line 102(11,12): Illegal C character in input file  0x00
*** Error 1 "C:\Users\furka\Desktop\Unity\lcd_stepper_control\main.c" Line 102(11,12): Illegal C character in input file  0x7D after \
*** Error 43 "C:\Users\furka\Desktop\Unity\lcd_stepper_control\main.c" Line 102(23,24): Expecting a declaration
*** Error 1 "C:\Users\furka\Desktop\Unity\lcd_stepper_control\main.c" Line 102(23,24): Illegal C character in input file  0x02
*** Error 1 "C:\Users\furka\Desktop\Unity\lcd_stepper_control\main.c" Line 102(23,24): Illegal C character in input file  0x40
*** Error 43 "C:\Users\furka\Desktop\Unity\lcd_stepper_control\main.c" Line 102(23,24): Expecting a declaration
*** Error 1 "C:\Users\furka\Desktop\Unity\lcd_stepper_control\main.c" Line 102(25,26): Illegal C character in input file  0x03
*** Error 1 "C:\Users\furka\Desktop\Unity\lcd_stepper_control\main.c" Line 102(25,26): Illegal C character in input file  0x02
*** Error 1 "C:\Users\furka\Desktop\Unity\lcd_stepper_control\main.c" Line 102(25,26): Illegal C character in input file  0xD0
*** Error 43 "C:\Users\furka\Desktop\Unity\lcd_stepper_control\main.c" Line 102(25,26): Expecting a declaration
*** Error 1 "C:\Users\furka\Desktop\Unity\lcd_stepper_control\main.c" Line 102(27,28): Illegal C character in input file  0x03
*** Error 1 "C:\Users\furka\Desktop\Unity\lcd_stepper_control\main.c" Line 102(27,28): Illegal C character in input file  0x02
*** Error 1 "C:\Users\furka\Desktop\Unity\lcd_stepper_control\main.c" Line 102(27,28): Illegal C character in input file  0x00
*** Error 1 "C:\Users\furka\Desktop\Unity\lcd_stepper_control\main.c" Line 102(27,28): Illegal C character in input file  0x00
*** Error 1 "C:\Users\furka\Desktop\Unity\lcd_stepper_control\main.c" Line 102(27,28): Illegal C character in input file  0x00
*** Error 1 "C:\Users\furka\Desktop\Unity\lcd_stepper_control\main.c" Line 102(27,28): Illegal C character in input file  0x00
*** Error 1 "C:\Users\furka\Desktop\Unity\lcd_stepper_control\main.c" Line 102(27,28): Illegal C character in input file  0x90
*** Error 43 "C:\Users\furka\Desktop\Unity\lcd_stepper_control\main.c" Line 102(27,28): Expecting a declaration
*** Error 1 "C:\Users\furka\Desktop\Unity\lcd_stepper_control\main.c" Line 102(29,30): Illegal C character in input file  0x03
*** Error 1 "C:\Users\furka\Desktop\Unity\lcd_stepper_control\main.c" Line 102(29,30): Illegal C character in input file  0x02
*** Error 1 "C:\Users\furka\Desktop\Unity\lcd_stepper_control\main.c" Line 102(29,30): Illegal C character in input file  0x00
*** Error 1 "C:\Users\furka\Desktop\Unity\lcd_stepper_control\main.c" Line 102(29,30): Illegal C character in input file  0x00
*** Error 1 "C:\Users\furka\Desktop\Unity\lcd_stepper_control\main.c" Line 102(29,30): Illegal C character in input file  0x00
*** Error 1 "C:\Users\furka\Desktop\Unity\lcd_stepper_control\main.c" Line 102(29,30): Illegal C character in input file  0x00
*** Error 1 "C:\Users\furka\Desktop\Unity\lcd_stepper_control\main.c" Line 102(29,30): Illegal C character in input file  0x00
*** Error 1 "C:\Users\furka\Desktop\Unity\lcd_stepper_control\main.c" Line 102(29,30): Illegal C character in input file  0x00
*** Error 1 "C:\Users\furka\Desktop\Unity\lcd_stepper_control\main.c" Line 102(29,30): Illegal C character in input file  0x00
*** Error 1 "C:\Users\furka\Desktop\Unity\lcd_stepper_control\main.c" Line 102(29,30): Illegal C character in input file  0x00
*** Error 1 "C:\Users\furka\Desktop\Unity\lcd_stepper_control\main.c" Line 102(29,30): Illegal C character in input file  0x00
*** Error 1 "C:\Users\furka\Desktop\Unity\lcd_stepper_control\main.c" Line 102(29,30): Illegal C character in input file  0x00
*** Error 1 "C:\Users\furka\Desktop\Unity\lcd_stepper_control\main.c" Line 102(29,30): Illegal C character in input file  0x00
*** Error 1 "C:\Users\furka\Desktop\Unity\lcd_stepper_control\main.c" Line 102(29,30): Illegal C character in input file  0x00
*** Error 1 "C:\Users\furka\Desktop\Unity\lcd_stepper_control\main.c" Line 102(29,30): Illegal C character in input file  0x00
*** Error 1 "C:\Users\furka\Desktop\Unity\lcd_stepper_control\main.c" Line 102(29,30): Illegal C character in input file  0x00
*** Error 1 "C:\Users\furka\Desktop\Unity\lcd_stepper_control\main.c" Line 102(29,30): Illegal C character in input file  0x00
*** Error 1 "C:\Users\furka\Desktop\Unity\lcd_stepper_control\main.c" Line 102(29,30): Illegal C character in input file  0x00
*** Error 1 "C:\Users\furka\Desktop\Unity\lcd_stepper_control\main.c" Line 102(29,30): Illegal C character in input file  0x00
*** Error 1 "C:\Users\furka\Desktop\Unity\lcd_stepper_control\main.c" Line 102(29,30): Illegal C character in input file  0x00
*** Error 1 "C:\Users\furka\Desktop\Unity\lcd_stepper_control\main.c" Line 102(29,30): Illegal C character in input file  0x00
*** Error 1 "C:\Users\furka\Desktop\Unity\lcd_stepper_control\main.c" Line 102(29,30): Illegal C character in input file  0x00
*** Error 1 "C:\Users\furka\Desktop\Unity\lcd_stepper_control\main.c" Line 102(29,30): Illegal C character in input file  0x00
*** Error 1 "C:\Users\furka\Desktop\Unity\lcd_stepper_control\main.c" Line 102(29,30): Illegal C character in input file  0x00
*** Error 1 "C:\Users\furka\Desktop\Unity\lcd_stepper_control\main.c" Line 102(29,30): Illegal C character in input file  0x00
*** Error 1 "C:\Users\furka\Desktop\Unity\lcd_stepper_control\main.c" Line 102(29,30): Illegal C character in input file  0x00
*** Error 1 "C:\Users\furka\Desktop\Unity\lcd_stepper_control\main.c" Line 102(29,30): Illegal C character in input file  0x00
*** Error 1 "C:\Users\furka\Desktop\Unity\lcd_stepper_control\main.c" Line 102(29,30): Illegal C character in input file  0x00
*** Error 1 "C:\Users\furka\Desktop\Unity\lcd_stepper_control\main.c" Line 102(29,30): Illegal C character in input file  0x00
*** Error 1 "C:\Users\furka\Desktop\Unity\lcd_stepper_control\main.c" Line 102(29,30): Illegal C character in input file  0x00
*** Error 1 "C:\Users\furka\Desktop\Unity\lcd_stepper_control\main.c" Line 102(29,30): Illegal C character in input file  0x00
*** Error 1 "C:\Users\furka\Desktop\Unity\lcd_stepper_control\main.c" Line 102(29,30): Illegal C character in input file  0x00
*** Error 1 "C:\Users\furka\Desktop\Unity\lcd_stepper_control\main.c" Line 102(29,30): Illegal C character in input file  0x00
*** Error 1 "C:\Users\furka\Desktop\Unity\lcd_stepper_control\main.c" Line 102(29,30): Illegal C character in input file  0x00
