
ROM used:   9154/65536 (14%)
            9154/65536 (14%) including unused fragments

            2.3 Average locations per line
            7.7 Average locations per statement

RAM used:   118/3896 (3%) at main() level
            143/3896 (4%) worst case

Stack used: 10 worst case (8 in main + 2 for interrupts)
Stack size: 31

Lines Stmts  %   Files
----- ----- ---  -----
 1851   949  80  main.c
   11     0   0  main.h
 1064     0   0  G:\Program Files (x86)\PICC\Devices\18F46K22.h
  435   129  11  G:\Program Files (x86)\PICC\Drivers\string.h
   32     0   0  G:\Program Files (x86)\PICC\Drivers\stddef.h
   28     0   0  G:\Program Files (x86)\PICC\Drivers\ctype.h
  298    79   7  flex_lcd420.c
  330    25   2  G:\Program Files (x86)\PICC\Drivers\internal_eeprom.c
----- -----
 4049  1182 Total

Page ROM  %  RAM    Vol Diff  Functions:
---- --- --- ---    --- ----  ----------
0     40   0    1             @delay_ms1
0     32   0    1             @delay_us1
0     82   0    0             @GET_TICKS_1
0     20   0    0             @const898
0     70   0    1    328  2.7  lcd_send_nibble
0     64   0    1    389  2.3  lcd_read_nibble
0     36   0    3    165  3.3  lcd_read_byte
0     66   0    3    319  4.1  lcd_send_byte
0    106   1    2    411  4.5  lcd_init
0     64   0    4    386  6.5  lcd_gotoxy
0     84   0    1    310  4.8  lcd_putc
0     40   0    3    120  3.4  delay_func
0     20   0    0     86  1.3  stop
0     86   0    0    378  4.1  check_right_proxy
0      2   0    0             @const1005
0     32   0    2             @PSTRINGC_920
0     74   0    0    336  4.2  check_left_proxy
0    230   1    2    914  7.1  distance_measure
0     66   0    5             @DIV1616
0      2   0    0    960  7.2  @const1016
0      2   0    0             @const1017
0      4   0    0             @const1018
0     12   0    0     63  1.6  normal
0     10   0    0     63  1.6  reverse
0    120   1    3    673  6.9  acc_start_normal_man
0    120   1    3    673  6.9  acc_start_reverse_man
0    138   1    3    713  7.8  acc_start_normal_auto
0    144   1    3    730  8.3  acc_start_reverse_auto
0    126   1    0    886  3.9  read_serial_speed
0     54   0    2    624  6.4  @ITOF
0     36   0    0    221  3.2  read_serial_mode
0    126   1    0    886  3.9  read_serial_acc
0    528   3    4   2485  8.9  centerline
0     10   0    0    886  3.9  @const1040
0      2   0    0             @const1041
0     12   0    0    221  3.2  @const1042
0     32   0    3    886  3.9  @PSTRINGCN_920
0    186   1    9   2536  8.4  @PRINTF_LU_920
0    500   3    6   2996  9.1  gogo
0    100   1    1    448  3.8  seri_check
0     50   0    2    179  3.6  serial_comm
0     40   0    0    705  2.4  @const1059
0     50   0    2    194  4.5  lcd_load_custom_chars
0    422   2    0   2765  4.4  Timer1_isr
0    504   3    0    734  2.4  LOWVOLT_isr
0   4072  22   12  17522 13.1  MAIN
0     12   0    0    827  4.3  @const1068
0     40   0    3             @DIV88
0    170   1    6             @PRINTF_D_920
0     16   0    0             @const1078
0     12   0    0             @const1079
0     10   0    0    179  3.6  @const1081
0     10   0    0             @const1082
0     12   0    0    194  4.5  @const1083
0     16   0    0    914  2.4  @const1085
0      2   0    0  17600 13.0  @const1088
0      6   0    0             @const1090
0      2   0    0             @const1091
0      2   0    0             @const1093
0      2   0    0             @const1095
0      6   0    0             @const1097
0      2   0    0             @const1098
0      2   0    0             @const1100
0      2   0    0             @const1102
0      2   0    0             @const1104
0      2   0    0             @const1106
0      2   0    0             @const1108
0     10   0    0             @const1112
 Inline         0             @cinit1

Program metrics:
    Functions               41
    Statements              1182
    Comments                749
    Volume (V)              96144
    Difficulty (D)          208.9
    Effort to implement (E) 20088484
    Time to implement (T)   310 hours, 0 minutes
    Est Delivered Bugs (B)  25
    Cyclomatic Complexity   267
    Maintainability (MI)    91

 Segment     Used  Free
-----------  ----  ----
00000-00002     4  0  
00004-00006     0  4  
00008-000C8   194  0  
000CA-0FFFE  8956  56378  



